<?xml version="1.0" encoding="UTF-8"?>
<testsuite xmlns:xsi="http://www.w3.org/2001/XMLSchema-instance" xsi:noNamespaceSchemaLocation="https://maven.apache.org/surefire/maven-surefire-plugin/xsd/surefire-test-report-3.0.xsd" version="3.0" name="com.sk.employee_service.EmployeeServiceApplicationTests" time="2.746" tests="1" errors="0" skipped="0" failures="0">
  <properties>
[...]
</properties>
  <testcase name="contextLoads" classname="com.sk.employee_service.EmployeeServiceApplicationTests" time="0.329">
    <system-out><![CDATA[13:48:51.113 [main] INFO org.springframework.test.context.support.AnnotationConfigContextLoaderUtils -- Could not detect default configuration classes for test class [com.sk.employee_service.EmployeeServiceApplicationTests]: EmployeeServiceApplicationTests does not declare any static, non-private, non-final, nested classes annotated with @Configuration.
13:48:51.159 [main] INFO org.springframework.boot.test.context.SpringBootTestContextBootstrapper -- Found @SpringBootConfiguration com.sk.employee_service.EmployeeServiceApplication for test class com.sk.employee_service.EmployeeServiceApplicationTests

  .   ____          _            __ _ _
 /\\ / ___'_ __ _ _(_)_ __  __ _ \ \ \ \
( ( )\___ | '_ | '_| | '_ \/ _` | \ \ \ \
 \\/  ___)| |_)| | | | | || (_| |  ) ) ) )
  '  |____| .__|_| |_|_| |_\__, | / / / /
 =========|_|==============|___/=/_/_/_/

 :: Spring Boot ::                (v3.3.3)

2024-08-27T13:48:51.320+05:30  INFO 27091 --- [employees] [           main] c.s.e.EmployeeServiceApplicationTests    : Starting EmployeeServiceApplicationTests using Java 21.0.2 with PID 27091 (started by sumitkhandelwal in /Users/sumitkhandelwal/Training/Stripedata/UKG/Aug_24_b2/02-playground/employee-service)
2024-08-27T13:48:51.321+05:30  INFO 27091 --- [employees] [           main] c.s.e.EmployeeServiceApplicationTests    : No active profile set, falling back to 1 default profile: "default"
2024-08-27T13:48:51.749+05:30  INFO 27091 --- [employees] [           main] .s.d.r.c.RepositoryConfigurationDelegate : Bootstrapping Spring Data JPA repositories in DEFAULT mode.
2024-08-27T13:48:51.773+05:30  INFO 27091 --- [employees] [           main] .s.d.r.c.RepositoryConfigurationDelegate : Finished Spring Data repository scanning in 16 ms. Found 1 JPA repository interface.
2024-08-27T13:48:52.005+05:30  INFO 27091 --- [employees] [           main] com.zaxxer.hikari.HikariDataSource       : HikariPool-1 - Starting...
2024-08-27T13:48:52.078+05:30  INFO 27091 --- [employees] [           main] com.zaxxer.hikari.pool.HikariPool        : HikariPool-1 - Added connection conn0: url=jdbc:h2:mem:testdb user=SA
2024-08-27T13:48:52.079+05:30  INFO 27091 --- [employees] [           main] com.zaxxer.hikari.HikariDataSource       : HikariPool-1 - Start completed.
2024-08-27T13:48:52.130+05:30  INFO 27091 --- [employees] [           main] o.hibernate.jpa.internal.util.LogHelper  : HHH000204: Processing PersistenceUnitInfo [name: default]
2024-08-27T13:48:52.157+05:30  INFO 27091 --- [employees] [           main] org.hibernate.Version                    : HHH000412: Hibernate ORM core version 6.5.2.Final
2024-08-27T13:48:52.173+05:30  INFO 27091 --- [employees] [           main] o.h.c.internal.RegionFactoryInitiator    : HHH000026: Second-level cache disabled
2024-08-27T13:48:52.299+05:30  INFO 27091 --- [employees] [           main] o.s.o.j.p.SpringPersistenceUnitInfo      : No LoadTimeWeaver setup: ignoring JPA class transformer
2024-08-27T13:48:52.319+05:30  WARN 27091 --- [employees] [           main] org.hibernate.orm.deprecation            : HHH90000025: H2Dialect does not need to be specified explicitly using 'hibernate.dialect' (remove the property setting and it will be selected by default)
2024-08-27T13:48:52.691+05:30  INFO 27091 --- [employees] [           main] o.h.e.t.j.p.i.JtaPlatformInitiator       : HHH000489: No JTA platform available (set 'hibernate.transaction.jta.platform' to enable JTA platform integration)
Hibernate: alter table if exists employee alter column created_at set data type timestamp(6)
Hibernate: alter table if exists employee alter column created_by set data type varchar(255)
Hibernate: alter table if exists employee alter column updated_at set data type timestamp(6)
Hibernate: alter table if exists employee alter column updated_by set data type varchar(255)
Hibernate: alter table if exists employee alter column department set data type varchar(255)
Hibernate: alter table if exists employee alter column designation set data type varchar(255)
Hibernate: alter table if exists employee alter column email set data type varchar(255)
Hibernate: alter table if exists employee alter column mobile_number set data type varchar(255)
Hibernate: alter table if exists employee alter column name set data type varchar(255)
Hibernate: create sequence employee_seq start with 1 increment by 50
2024-08-27T13:48:52.710+05:30  INFO 27091 --- [employees] [           main] j.LocalContainerEntityManagerFactoryBean : Initialized JPA EntityManagerFactory for persistence unit 'default'
2024-08-27T13:48:52.997+05:30  WARN 27091 --- [employees] [           main] JpaBaseConfiguration$JpaWebConfiguration : spring.jpa.open-in-view is enabled by default. Therefore, database queries may be performed during view rendering. Explicitly configure spring.jpa.open-in-view to disable this warning
2024-08-27T13:48:53.352+05:30  INFO 27091 --- [employees] [           main] o.s.b.a.h2.H2ConsoleAutoConfiguration    : H2 console available at '/h2-console'. Database available at 'jdbc:h2:mem:testdb'
2024-08-27T13:48:53.369+05:30  INFO 27091 --- [employees] [           main] o.s.b.a.e.web.EndpointLinksResolver      : Exposing 14 endpoints beneath base path '/actuator'
2024-08-27T13:48:53.406+05:30  INFO 27091 --- [employees] [           main] c.s.e.EmployeeServiceApplicationTests    : Started EmployeeServiceApplicationTests in 2.193 seconds (process running for 2.574)
]]></system-out>
    <system-err><![CDATA[WARNING: A Java agent has been loaded dynamically (/Users/sumitkhandelwal/.m2/repository/net/bytebuddy/byte-buddy-agent/1.14.19/byte-buddy-agent-1.14.19.jar)
WARNING: If a serviceability tool is in use, please run with -XX:+EnableDynamicAgentLoading to hide this warning
WARNING: If a serviceability tool is not in use, please run with -Djdk.instrument.traceUsage for more information
WARNING: Dynamic loading of agents will be disallowed by default in a future release
]]></system-err>
  </testcase>
</testsuite>